2021-05-16 21:44:47.240 [main] INFO  com.api.StartUp - Starting StartUp on OEN17CKSA76P3HF with PID 1120 (D:\lake\demo\deom-web\target\classes started by Administrator in D:\lake\demo)
2021-05-16 21:44:47.257 [main] INFO  com.api.StartUp - The following profiles are active: process,prod
2021-05-16 21:44:49.982 [main] INFO  o.s.boot.web.embedded.tomcat.TomcatWebServer - Tomcat initialized with port(s): 9091 (http)
2021-05-16 21:44:50.005 [main] INFO  org.apache.coyote.http11.Http11NioProtocol - Initializing ProtocolHandler ["http-nio-9091"]
2021-05-16 21:44:50.018 [main] INFO  org.apache.catalina.core.StandardService - Starting service [Tomcat]
2021-05-16 21:44:50.019 [main] INFO  org.apache.catalina.core.StandardEngine - Starting Servlet engine: [Apache Tomcat/9.0.21]
2021-05-16 21:44:50.214 [main] INFO  o.a.c.core.ContainerBase.[Tomcat].[localhost].[/] - Initializing Spring embedded WebApplicationContext
2021-05-16 21:44:50.214 [main] INFO  org.springframework.web.context.ContextLoader - Root WebApplicationContext: initialization completed in 2835 ms
2021-05-16 21:44:51.141 [main] INFO  o.s.scheduling.concurrent.ThreadPoolTaskExecutor - Initializing ExecutorService 'applicationTaskExecutor'
2021-05-16 21:44:51.371 [main] INFO  t.mybatis.mapper.autoconfigure.MapperCacheDisabler - Clear tk.mybatis.mapper.util.MsUtil CLASS_CACHE cache.
2021-05-16 21:44:51.372 [main] INFO  t.mybatis.mapper.autoconfigure.MapperCacheDisabler - Clear tk.mybatis.mapper.genid.GenIdUtil CACHE cache.
2021-05-16 21:44:51.372 [main] INFO  t.mybatis.mapper.autoconfigure.MapperCacheDisabler - Clear tk.mybatis.mapper.version.VersionUtil CACHE cache.
2021-05-16 21:44:51.374 [main] INFO  t.mybatis.mapper.autoconfigure.MapperCacheDisabler - Clear EntityHelper entityTableMap cache.
2021-05-16 21:44:51.397 [main] INFO  org.apache.coyote.http11.Http11NioProtocol - Starting ProtocolHandler ["http-nio-9091"]
2021-05-16 21:44:51.438 [main] INFO  o.s.boot.web.embedded.tomcat.TomcatWebServer - Tomcat started on port(s): 9091 (http) with context path ''
2021-05-16 21:44:51.444 [main] INFO  com.api.StartUp - Started StartUp in 5.724 seconds (JVM running for 10.424)
2021-05-16 22:05:34.416 [Thread-13] INFO  o.s.scheduling.concurrent.ThreadPoolTaskExecutor - Shutting down ExecutorService 'applicationTaskExecutor'
2021-05-16 22:05:44.237 [main] INFO  com.api.StartUp - Starting StartUp on OEN17CKSA76P3HF with PID 9792 (D:\lake\demo\deom-web\target\classes started by Administrator in D:\lake\demo)
2021-05-16 22:05:44.242 [main] INFO  com.api.StartUp - The following profiles are active: process,prod
2021-05-16 22:05:47.296 [main] INFO  o.s.boot.web.embedded.tomcat.TomcatWebServer - Tomcat initialized with port(s): 9091 (http)
2021-05-16 22:05:47.334 [main] INFO  org.apache.coyote.http11.Http11NioProtocol - Initializing ProtocolHandler ["http-nio-9091"]
2021-05-16 22:05:47.352 [main] INFO  org.apache.catalina.core.StandardService - Starting service [Tomcat]
2021-05-16 22:05:47.354 [main] INFO  org.apache.catalina.core.StandardEngine - Starting Servlet engine: [Apache Tomcat/9.0.21]
2021-05-16 22:05:47.661 [main] INFO  o.a.c.core.ContainerBase.[Tomcat].[localhost].[/] - Initializing Spring embedded WebApplicationContext
2021-05-16 22:05:47.661 [main] INFO  org.springframework.web.context.ContextLoader - Root WebApplicationContext: initialization completed in 3300 ms
2021-05-16 22:05:49.039 [main] INFO  o.s.scheduling.concurrent.ThreadPoolTaskExecutor - Initializing ExecutorService 'applicationTaskExecutor'
2021-05-16 22:05:49.710 [main] INFO  t.mybatis.mapper.autoconfigure.MapperCacheDisabler - Clear tk.mybatis.mapper.util.MsUtil CLASS_CACHE cache.
2021-05-16 22:05:49.711 [main] INFO  t.mybatis.mapper.autoconfigure.MapperCacheDisabler - Clear tk.mybatis.mapper.genid.GenIdUtil CACHE cache.
2021-05-16 22:05:49.712 [main] INFO  t.mybatis.mapper.autoconfigure.MapperCacheDisabler - Clear tk.mybatis.mapper.version.VersionUtil CACHE cache.
2021-05-16 22:05:49.715 [main] INFO  t.mybatis.mapper.autoconfigure.MapperCacheDisabler - Clear EntityHelper entityTableMap cache.
2021-05-16 22:05:49.754 [main] INFO  org.apache.coyote.http11.Http11NioProtocol - Starting ProtocolHandler ["http-nio-9091"]
2021-05-16 22:05:49.828 [main] INFO  o.s.boot.web.embedded.tomcat.TomcatWebServer - Tomcat started on port(s): 9091 (http) with context path ''
2021-05-16 22:05:49.848 [main] INFO  com.api.StartUp - Started StartUp in 7.717 seconds (JVM running for 12.561)
2021-05-16 22:09:49.535 [Thread-12] INFO  o.s.scheduling.concurrent.ThreadPoolTaskExecutor - Shutting down ExecutorService 'applicationTaskExecutor'
