2021-05-17 21:18:15.927 [main] INFO  com.api.StartUp - Starting StartUp on OEN17CKSA76P3HF with PID 9604 (D:\lake\demo\deom-web\target\classes started by Administrator in D:\lake\demo)
2021-05-17 21:18:15.941 [main] INFO  com.api.StartUp - The following profiles are active: process,prod
2021-05-17 21:18:17.835 [main] INFO  o.s.boot.web.embedded.tomcat.TomcatWebServer - Tomcat initialized with port(s): 9091 (http)
2021-05-17 21:18:17.859 [main] INFO  org.apache.coyote.http11.Http11NioProtocol - Initializing ProtocolHandler ["http-nio-9091"]
2021-05-17 21:18:17.870 [main] INFO  org.apache.catalina.core.StandardService - Starting service [Tomcat]
2021-05-17 21:18:17.871 [main] INFO  org.apache.catalina.core.StandardEngine - Starting Servlet engine: [Apache Tomcat/9.0.21]
2021-05-17 21:18:18.035 [main] INFO  o.a.c.core.ContainerBase.[Tomcat].[localhost].[/] - Initializing Spring embedded WebApplicationContext
2021-05-17 21:18:18.035 [main] INFO  org.springframework.web.context.ContextLoader - Root WebApplicationContext: initialization completed in 1962 ms
2021-05-17 21:18:18.997 [main] INFO  o.s.scheduling.concurrent.ThreadPoolTaskExecutor - Initializing ExecutorService 'applicationTaskExecutor'
2021-05-17 21:18:19.247 [main] INFO  t.mybatis.mapper.autoconfigure.MapperCacheDisabler - Clear tk.mybatis.mapper.util.MsUtil CLASS_CACHE cache.
2021-05-17 21:18:19.248 [main] INFO  t.mybatis.mapper.autoconfigure.MapperCacheDisabler - Clear tk.mybatis.mapper.genid.GenIdUtil CACHE cache.
2021-05-17 21:18:19.249 [main] INFO  t.mybatis.mapper.autoconfigure.MapperCacheDisabler - Clear tk.mybatis.mapper.version.VersionUtil CACHE cache.
2021-05-17 21:18:19.251 [main] INFO  t.mybatis.mapper.autoconfigure.MapperCacheDisabler - Clear EntityHelper entityTableMap cache.
2021-05-17 21:18:19.289 [main] INFO  org.apache.coyote.http11.Http11NioProtocol - Starting ProtocolHandler ["http-nio-9091"]
2021-05-17 21:18:19.334 [main] INFO  o.s.boot.web.embedded.tomcat.TomcatWebServer - Tomcat started on port(s): 9091 (http) with context path ''
2021-05-17 21:18:19.341 [main] INFO  com.api.StartUp - Started StartUp in 4.589 seconds (JVM running for 9.058)
2021-05-17 21:22:05.921 [http-nio-9091-exec-1] INFO  o.a.c.core.ContainerBase.[Tomcat].[localhost].[/] - Initializing Spring DispatcherServlet 'dispatcherServlet'
2021-05-17 21:22:05.921 [http-nio-9091-exec-1] INFO  org.springframework.web.servlet.DispatcherServlet - Initializing Servlet 'dispatcherServlet'
2021-05-17 21:22:05.935 [http-nio-9091-exec-1] INFO  org.springframework.web.servlet.DispatcherServlet - Completed initialization in 13 ms
2021-05-17 21:22:06.080 [http-nio-9091-exec-1] INFO  com.alibaba.druid.pool.DruidDataSource - {dataSource-1} inited
2021-05-17 21:39:25.209 [Thread-12] INFO  o.s.scheduling.concurrent.ThreadPoolTaskExecutor - Shutting down ExecutorService 'applicationTaskExecutor'
2021-05-17 21:39:25.218 [Thread-12] INFO  com.alibaba.druid.pool.DruidDataSource - {dataSource-1} closed
2021-05-17 21:39:32.919 [main] INFO  com.api.StartUp - Starting StartUp on OEN17CKSA76P3HF with PID 4980 (D:\lake\demo\deom-web\target\classes started by Administrator in D:\lake\demo)
2021-05-17 21:39:33.021 [main] INFO  com.api.StartUp - The following profiles are active: process,prod
2021-05-17 21:39:35.720 [main] INFO  o.s.boot.web.embedded.tomcat.TomcatWebServer - Tomcat initialized with port(s): 9099 (http)
2021-05-17 21:39:35.748 [main] INFO  org.apache.coyote.http11.Http11NioProtocol - Initializing ProtocolHandler ["http-nio-9099"]
2021-05-17 21:39:35.765 [main] INFO  org.apache.catalina.core.StandardService - Starting service [Tomcat]
2021-05-17 21:39:35.766 [main] INFO  org.apache.catalina.core.StandardEngine - Starting Servlet engine: [Apache Tomcat/9.0.21]
2021-05-17 21:39:35.968 [main] INFO  o.a.c.core.ContainerBase.[Tomcat].[localhost].[/] - Initializing Spring embedded WebApplicationContext
2021-05-17 21:39:35.969 [main] INFO  org.springframework.web.context.ContextLoader - Root WebApplicationContext: initialization completed in 2856 ms
2021-05-17 21:39:37.065 [main] INFO  o.s.scheduling.concurrent.ThreadPoolTaskExecutor - Initializing ExecutorService 'applicationTaskExecutor'
2021-05-17 21:39:37.281 [main] INFO  t.mybatis.mapper.autoconfigure.MapperCacheDisabler - Clear tk.mybatis.mapper.util.MsUtil CLASS_CACHE cache.
2021-05-17 21:39:37.282 [main] INFO  t.mybatis.mapper.autoconfigure.MapperCacheDisabler - Clear tk.mybatis.mapper.genid.GenIdUtil CACHE cache.
2021-05-17 21:39:37.283 [main] INFO  t.mybatis.mapper.autoconfigure.MapperCacheDisabler - Clear tk.mybatis.mapper.version.VersionUtil CACHE cache.
2021-05-17 21:39:37.286 [main] INFO  t.mybatis.mapper.autoconfigure.MapperCacheDisabler - Clear EntityHelper entityTableMap cache.
2021-05-17 21:39:37.312 [main] INFO  org.apache.coyote.http11.Http11NioProtocol - Starting ProtocolHandler ["http-nio-9099"]
2021-05-17 21:39:37.344 [main] INFO  o.s.boot.web.embedded.tomcat.TomcatWebServer - Tomcat started on port(s): 9099 (http) with context path ''
2021-05-17 21:39:37.349 [main] INFO  com.api.StartUp - Started StartUp in 5.691 seconds (JVM running for 7.415)
2021-05-17 21:47:01.726 [Thread-12] INFO  o.s.scheduling.concurrent.ThreadPoolTaskExecutor - Shutting down ExecutorService 'applicationTaskExecutor'
